<?xml version="1.0" encoding="UTF-8"?>
<!-- Generated by org.testng.reporters.JUnitReportReporter -->
<testsuite hostname="MTPC522" failures="0" tests="1" name="com.mitrais.jpqi.springcarrot.TestSelenium2" time="41.503" errors="0" timestamp="26 Apr 2019 08:10:41 GMT" skipped="0">
  <testcase classname="com.mitrais.jpqi.springcarrot.TestSelenium2" name="loginWrong" time="41.503"/>
</testsuite> <!-- com.mitrais.jpqi.springcarrot.TestSelenium2 -->
