<?xml version="1.0" encoding="UTF-8"?>
<!-- Generated by org.testng.reporters.JUnitReportReporter -->
<testsuite hostname="MTPC522" failures="0" tests="3" name="com.mitrais.jpqi.springcarrot.TestSelenium" time="49.254" errors="0" timestamp="26 Apr 2019 08:10:41 GMT" skipped="0">
  <testcase classname="com.mitrais.jpqi.springcarrot.TestSelenium" name="loginCorrect" time="41.952"/>
  <testcase classname="com.mitrais.jpqi.springcarrot.TestSelenium" name="openBarnForm" time="0.314"/>
  <testcase classname="com.mitrais.jpqi.springcarrot.TestSelenium" name="createNewBarn" time="6.988"/>
</testsuite> <!-- com.mitrais.jpqi.springcarrot.TestSelenium -->
